<?xml version="1.0" encoding="UTF-8"?>
<!-- Generated by org.testng.reporters.JUnitReportReporter -->
<testsuite hostname="DESKTOP-OBPCTC9" failures="0" tests="1" name="testCase.TestCases" time="43.056" errors="0" timestamp="2021-10-14T17:46:53 BDT" skipped="0">
  <testcase classname="testCase.TestCases" name="OpenFreeVieoAndPlayTheVideo" time="43.056"/>
  <system-out/>
</testsuite> <!-- testCase.TestCases -->
